{
  "RSpec": {
    "coverage": {
      "/home/Gearz/tic-tac-toe-rb-online-web-sp-000/lib/tic_tac_toe.rb": [
        null,
        1,
        null,
        null,
        null,
        null,
        null,
        null,
        null,
        null,
        null,
        1,
        5,
        5,
        5,
        5,
        5,
        null,
        null,
        1,
        13,
        null,
        null,
        1,
        3,
        null,
        null,
        1,
        15,
        null,
        null,
        1,
        13,
        10,
        null,
        null,
        null,
        1,
        2,
        null,
        20,
        5,
        null,
        null,
        null,
        2,
        null,
        null,
        1,
        1,
        1,
        null,
        0,
        null,
        null,
        null,
        1,
        10,
        10,
        10,
        10,
        9,
        0,
        null,
        1,
        null,
        null,
        null,
        1,
        29,
        164,
        164,
        164,
        null,
        164,
        164,
        164,
        null,
        164,
        11,
        153,
        4,
        null,
        null,
        14,
        null,
        null,
        1,
        79,
        null,
        null,
        1,
        8,
        2,
        null,
        6,
        null,
        null,
        null,
        1,
        11,
        7,
        null,
        4,
        null,
        null,
        null,
        1,
        11,
        11,
        11,
        null,
        null,
        8,
        5,
        null,
        3,
        null,
        null,
        null,
        null,
        1,
        12,
        7,
        null,
        null,
        5,
        2,
        null,
        3,
        null,
        null,
        null,
        null,
        null
      ]
    },
    "timestamp": 1578948411
  }
}
